This file contains any messages produced by compilers while
running configure, to aid debugging if configure makes a mistake.

It was created by mywget configure 0.0.1, which was
generated by GNU Autoconf 2.69.  Invocation command line was

  $ ./configure 

## --------- ##
## Platform. ##
## --------- ##

hostname = localhost
uname -m = x86_64
uname -r = 3.10.0-957.1.3.el7.x86_64
uname -s = Linux
uname -v = #1 SMP Thu Nov 29 14:49:43 UTC 2018

/usr/bin/uname -p = x86_64
/bin/uname -X     = unknown

/bin/arch              = x86_64
/usr/bin/arch -k       = unknown
/usr/convex/getsysinfo = unknown
/usr/bin/hostinfo      = unknown
/bin/machine           = unknown
/usr/bin/oslevel       = unknown
/bin/universe          = unknown

PATH: /usr/local/bin
PATH: /usr/bin
PATH: /usr/local/sbin
PATH: /usr/sbin
PATH: /home/vagrant/.local/bin
PATH: /home/vagrant/bin


## ----------- ##
## Core tests. ##
## ----------- ##

configure:2245: checking for a BSD-compatible install
configure:2313: result: /usr/bin/install -c
configure:2324: checking whether build environment is sane
configure:2379: result: yes
configure:2530: checking for a thread-safe mkdir -p
configure:2569: result: /usr/bin/mkdir -p
configure:2576: checking for gawk
configure:2592: found /usr/bin/gawk
configure:2603: result: gawk
configure:2614: checking whether make sets $(MAKE)
configure:2636: result: yes
configure:2665: checking whether make supports nested variables
configure:2682: result: yes
configure:2815: checking for gcc
configure:2831: found /usr/bin/gcc
configure:2842: result: gcc
configure:3071: checking for C compiler version
configure:3080: gcc --version >&5
gcc (GCC) 4.8.5 20150623 (Red Hat 4.8.5-39)
Copyright (C) 2015 Free Software Foundation, Inc.
This is free software; see the source for copying conditions.  There is NO
warranty; not even for MERCHANTABILITY or FITNESS FOR A PARTICULAR PURPOSE.

configure:3091: $? = 0
configure:3080: gcc -v >&5
Using built-in specs.
COLLECT_GCC=gcc
COLLECT_LTO_WRAPPER=/usr/libexec/gcc/x86_64-redhat-linux/4.8.5/lto-wrapper
Target: x86_64-redhat-linux
Configured with: ../configure --prefix=/usr --mandir=/usr/share/man --infodir=/usr/share/info --with-bugurl=http://bugzilla.redhat.com/bugzilla --enable-bootstrap --enable-shared --enable-threads=posix --enable-checking=release --with-system-zlib --enable-__cxa_atexit --disable-libunwind-exceptions --enable-gnu-unique-object --enable-linker-build-id --with-linker-hash-style=gnu --enable-languages=c,c++,objc,obj-c++,java,fortran,ada,go,lto --enable-plugin --enable-initfini-array --disable-libgcj --with-isl=/builddir/build/BUILD/gcc-4.8.5-20150702/obj-x86_64-redhat-linux/isl-install --with-cloog=/builddir/build/BUILD/gcc-4.8.5-20150702/obj-x86_64-redhat-linux/cloog-install --enable-gnu-indirect-function --with-tune=generic --with-arch_32=x86-64 --build=x86_64-redhat-linux
Thread model: posix
gcc version 4.8.5 20150623 (Red Hat 4.8.5-39) (GCC) 
configure:3091: $? = 0
configure:3080: gcc -V >&5
gcc: error: unrecognized command line option '-V'
gcc: fatal error: no input files
compilation terminated.
configure:3091: $? = 4
configure:3080: gcc -qversion >&5
gcc: error: unrecognized command line option '-qversion'
gcc: fatal error: no input files
compilation terminated.
configure:3091: $? = 4
configure:3111: checking whether the C compiler works
configure:3133: gcc    conftest.c  >&5
configure:3137: $? = 0
configure:3185: result: yes
configure:3188: checking for C compiler default output file name
configure:3190: result: a.out
configure:3196: checking for suffix of executables
configure:3203: gcc -o conftest    conftest.c  >&5
configure:3207: $? = 0
configure:3229: result: 
configure:3251: checking whether we are cross compiling
configure:3259: gcc -o conftest    conftest.c  >&5
configure:3263: $? = 0
configure:3270: ./conftest
configure:3274: $? = 0
configure:3289: result: no
configure:3294: checking for suffix of object files
configure:3316: gcc -c   conftest.c >&5
configure:3320: $? = 0
configure:3341: result: o
configure:3345: checking whether we are using the GNU C compiler
configure:3364: gcc -c   conftest.c >&5
configure:3364: $? = 0
configure:3373: result: yes
configure:3382: checking whether gcc accepts -g
configure:3402: gcc -c -g  conftest.c >&5
configure:3402: $? = 0
configure:3443: result: yes
configure:3460: checking for gcc option to accept ISO C89
configure:3523: gcc  -c -g -O2  conftest.c >&5
configure:3523: $? = 0
configure:3536: result: none needed
configure:3567: checking for style of include used by make
configure:3595: result: GNU
configure:3621: checking dependency style of gcc
configure:3732: result: gcc3
configure:3758: checking how to run the C preprocessor
configure:3789: gcc -E  conftest.c
configure:3789: $? = 0
configure:3803: gcc -E  conftest.c
conftest.c:11:28: fatal error: ac_nonexistent.h: No such file or directory
 #include <ac_nonexistent.h>
                            ^
compilation terminated.
configure:3803: $? = 1
configure: failed program was:
| /* confdefs.h */
| #define PACKAGE_NAME "mywget"
| #define PACKAGE_TARNAME "mywget"
| #define PACKAGE_VERSION "0.0.1"
| #define PACKAGE_STRING "mywget 0.0.1"
| #define PACKAGE_BUGREPORT "i@mengkang.net"
| #define PACKAGE_URL ""
| #define PACKAGE "mywget"
| #define VERSION "0.0.1"
| /* end confdefs.h.  */
| #include <ac_nonexistent.h>
configure:3828: result: gcc -E
configure:3848: gcc -E  conftest.c
configure:3848: $? = 0
configure:3862: gcc -E  conftest.c
conftest.c:11:28: fatal error: ac_nonexistent.h: No such file or directory
 #include <ac_nonexistent.h>
                            ^
compilation terminated.
configure:3862: $? = 1
configure: failed program was:
| /* confdefs.h */
| #define PACKAGE_NAME "mywget"
| #define PACKAGE_TARNAME "mywget"
| #define PACKAGE_VERSION "0.0.1"
| #define PACKAGE_STRING "mywget 0.0.1"
| #define PACKAGE_BUGREPORT "i@mengkang.net"
| #define PACKAGE_URL ""
| #define PACKAGE "mywget"
| #define VERSION "0.0.1"
| /* end confdefs.h.  */
| #include <ac_nonexistent.h>
configure:3891: checking for grep that handles long lines and -e
configure:3949: result: /usr/bin/grep
configure:3954: checking for egrep
configure:4016: result: /usr/bin/grep -E
configure:4021: checking for ANSI C header files
configure:4041: gcc -c -g -O2  conftest.c >&5
configure:4041: $? = 0
configure:4114: gcc -o conftest -g -O2   conftest.c  >&5
configure:4114: $? = 0
configure:4114: ./conftest
configure:4114: $? = 0
configure:4125: result: yes
configure:4138: checking for sys/types.h
configure:4138: gcc -c -g -O2  conftest.c >&5
configure:4138: $? = 0
configure:4138: result: yes
configure:4138: checking for sys/stat.h
configure:4138: gcc -c -g -O2  conftest.c >&5
configure:4138: $? = 0
configure:4138: result: yes
configure:4138: checking for stdlib.h
configure:4138: gcc -c -g -O2  conftest.c >&5
configure:4138: $? = 0
configure:4138: result: yes
configure:4138: checking for string.h
configure:4138: gcc -c -g -O2  conftest.c >&5
configure:4138: $? = 0
configure:4138: result: yes
configure:4138: checking for memory.h
configure:4138: gcc -c -g -O2  conftest.c >&5
configure:4138: $? = 0
configure:4138: result: yes
configure:4138: checking for strings.h
configure:4138: gcc -c -g -O2  conftest.c >&5
configure:4138: $? = 0
configure:4138: result: yes
configure:4138: checking for inttypes.h
configure:4138: gcc -c -g -O2  conftest.c >&5
configure:4138: $? = 0
configure:4138: result: yes
configure:4138: checking for stdint.h
configure:4138: gcc -c -g -O2  conftest.c >&5
configure:4138: $? = 0
configure:4138: result: yes
configure:4138: checking for unistd.h
configure:4138: gcc -c -g -O2  conftest.c >&5
configure:4138: $? = 0
configure:4138: result: yes
configure:4153: checking arpa/inet.h usability
configure:4153: gcc -c -g -O2  conftest.c >&5
configure:4153: $? = 0
configure:4153: result: yes
configure:4153: checking arpa/inet.h presence
configure:4153: gcc -E  conftest.c
configure:4153: $? = 0
configure:4153: result: yes
configure:4153: checking for arpa/inet.h
configure:4153: result: yes
configure:4153: checking fcntl.h usability
configure:4153: gcc -c -g -O2  conftest.c >&5
configure:4153: $? = 0
configure:4153: result: yes
configure:4153: checking fcntl.h presence
configure:4153: gcc -E  conftest.c
configure:4153: $? = 0
configure:4153: result: yes
configure:4153: checking for fcntl.h
configure:4153: result: yes
configure:4153: checking netdb.h usability
configure:4153: gcc -c -g -O2  conftest.c >&5
configure:4153: $? = 0
configure:4153: result: yes
configure:4153: checking netdb.h presence
configure:4153: gcc -E  conftest.c
configure:4153: $? = 0
configure:4153: result: yes
configure:4153: checking for netdb.h
configure:4153: result: yes
configure:4153: checking netinet/in.h usability
configure:4153: gcc -c -g -O2  conftest.c >&5
configure:4153: $? = 0
configure:4153: result: yes
configure:4153: checking netinet/in.h presence
configure:4153: gcc -E  conftest.c
configure:4153: $? = 0
configure:4153: result: yes
configure:4153: checking for netinet/in.h
configure:4153: result: yes
configure:4153: checking for stdlib.h
configure:4153: result: yes
configure:4153: checking for string.h
configure:4153: result: yes
configure:4153: checking sys/ioctl.h usability
configure:4153: gcc -c -g -O2  conftest.c >&5
configure:4153: $? = 0
configure:4153: result: yes
configure:4153: checking sys/ioctl.h presence
configure:4153: gcc -E  conftest.c
configure:4153: $? = 0
configure:4153: result: yes
configure:4153: checking for sys/ioctl.h
configure:4153: result: yes
configure:4153: checking sys/socket.h usability
configure:4153: gcc -c -g -O2  conftest.c >&5
configure:4153: $? = 0
configure:4153: result: yes
configure:4153: checking sys/socket.h presence
configure:4153: gcc -E  conftest.c
configure:4153: $? = 0
configure:4153: result: yes
configure:4153: checking for sys/socket.h
configure:4153: result: yes
configure:4153: checking for unistd.h
configure:4153: result: yes
configure:4165: checking for stdbool.h that conforms to C99
configure:4232: gcc -c -g -O2  conftest.c >&5
configure:4232: $? = 0
configure:4239: result: yes
configure:4241: checking for _Bool
configure:4241: gcc -c -g -O2  conftest.c >&5
configure:4241: $? = 0
configure:4241: gcc -c -g -O2  conftest.c >&5
conftest.c: In function 'main':
conftest.c:66:20: error: expected expression before ')' token
 if (sizeof ((_Bool)))
                    ^
configure:4241: $? = 1
configure: failed program was:
| /* confdefs.h */
| #define PACKAGE_NAME "mywget"
| #define PACKAGE_TARNAME "mywget"
| #define PACKAGE_VERSION "0.0.1"
| #define PACKAGE_STRING "mywget 0.0.1"
| #define PACKAGE_BUGREPORT "i@mengkang.net"
| #define PACKAGE_URL ""
| #define PACKAGE "mywget"
| #define VERSION "0.0.1"
| #define STDC_HEADERS 1
| #define HAVE_SYS_TYPES_H 1
| #define HAVE_SYS_STAT_H 1
| #define HAVE_STDLIB_H 1
| #define HAVE_STRING_H 1
| #define HAVE_MEMORY_H 1
| #define HAVE_STRINGS_H 1
| #define HAVE_INTTYPES_H 1
| #define HAVE_STDINT_H 1
| #define HAVE_UNISTD_H 1
| #define HAVE_ARPA_INET_H 1
| #define HAVE_FCNTL_H 1
| #define HAVE_NETDB_H 1
| #define HAVE_NETINET_IN_H 1
| #define HAVE_STDLIB_H 1
| #define HAVE_STRING_H 1
| #define HAVE_SYS_IOCTL_H 1
| #define HAVE_SYS_SOCKET_H 1
| #define HAVE_UNISTD_H 1
| /* end confdefs.h.  */
| #include <stdio.h>
| #ifdef HAVE_SYS_TYPES_H
| # include <sys/types.h>
| #endif
| #ifdef HAVE_SYS_STAT_H
| # include <sys/stat.h>
| #endif
| #ifdef STDC_HEADERS
| # include <stdlib.h>
| # include <stddef.h>
| #else
| # ifdef HAVE_STDLIB_H
| #  include <stdlib.h>
| # endif
| #endif
| #ifdef HAVE_STRING_H
| # if !defined STDC_HEADERS && defined HAVE_MEMORY_H
| #  include <memory.h>
| # endif
| # include <string.h>
| #endif
| #ifdef HAVE_STRINGS_H
| # include <strings.h>
| #endif
| #ifdef HAVE_INTTYPES_H
| # include <inttypes.h>
| #endif
| #ifdef HAVE_STDINT_H
| # include <stdint.h>
| #endif
| #ifdef HAVE_UNISTD_H
| # include <unistd.h>
| #endif
| int
| main ()
| {
| if (sizeof ((_Bool)))
| 	    return 0;
|   ;
|   return 0;
| }
configure:4241: result: yes
configure:4256: checking for stdlib.h
configure:4256: result: yes
configure:4266: checking for GNU libc compatible malloc
configure:4290: gcc -o conftest -g -O2   conftest.c  >&5
configure:4290: $? = 0
configure:4290: ./conftest
configure:4290: $? = 0
configure:4300: result: yes
configure:4323: checking for stdlib.h
configure:4323: result: yes
configure:4333: checking for GNU libc compatible realloc
configure:4357: gcc -o conftest -g -O2   conftest.c  >&5
configure:4357: $? = 0
configure:4357: ./conftest
configure:4357: $? = 0
configure:4367: result: yes
configure:4391: checking for gethostbyname
configure:4391: gcc -o conftest -g -O2   conftest.c  >&5
configure:4391: $? = 0
configure:4391: result: yes
configure:4391: checking for inet_ntoa
configure:4391: gcc -o conftest -g -O2   conftest.c  >&5
configure:4391: $? = 0
configure:4391: result: yes
configure:4391: checking for memset
configure:4391: gcc -o conftest -g -O2   conftest.c  >&5
conftest.c:60:6: warning: conflicting types for built-in function 'memset' [enabled by default]
 char memset ();
      ^
configure:4391: $? = 0
configure:4391: result: yes
configure:4391: checking for socket
configure:4391: gcc -o conftest -g -O2   conftest.c  >&5
configure:4391: $? = 0
configure:4391: result: yes
configure:4391: checking for strchr
configure:4391: gcc -o conftest -g -O2   conftest.c  >&5
conftest.c:62:6: warning: conflicting types for built-in function 'strchr' [enabled by default]
 char strchr ();
      ^
configure:4391: $? = 0
configure:4391: result: yes
configure:4391: checking for strdup
configure:4391: gcc -o conftest -g -O2   conftest.c  >&5
conftest.c:63:6: warning: conflicting types for built-in function 'strdup' [enabled by default]
 char strdup ();
      ^
configure:4391: $? = 0
configure:4391: result: yes
configure:4391: checking for strndup
configure:4391: gcc -o conftest -g -O2   conftest.c  >&5
conftest.c:64:6: warning: conflicting types for built-in function 'strndup' [enabled by default]
 char strndup ();
      ^
configure:4391: $? = 0
configure:4391: result: yes
configure:4391: checking for strstr
configure:4391: gcc -o conftest -g -O2   conftest.c  >&5
conftest.c:65:6: warning: conflicting types for built-in function 'strstr' [enabled by default]
 char strstr ();
      ^
configure:4391: $? = 0
configure:4391: result: yes
configure:4512: checking that generated files are newer than configure
configure:4518: result: done
configure:4541: creating ./config.status

## ---------------------- ##
## Running config.status. ##
## ---------------------- ##

This file was extended by mywget config.status 0.0.1, which was
generated by GNU Autoconf 2.69.  Invocation command line was

  CONFIG_FILES    = 
  CONFIG_HEADERS  = 
  CONFIG_LINKS    = 
  CONFIG_COMMANDS = 
  $ ./config.status 

on localhost

config.status:875: creating Makefile
config.status:875: creating src/Makefile
config.status:875: creating config.h
config.status:1056: config.h is unchanged
config.status:1104: executing depfiles commands

## ---------------- ##
## Cache variables. ##
## ---------------- ##

ac_cv_c_compiler_gnu=yes
ac_cv_env_CC_set=
ac_cv_env_CC_value=
ac_cv_env_CFLAGS_set=
ac_cv_env_CFLAGS_value=
ac_cv_env_CPPFLAGS_set=
ac_cv_env_CPPFLAGS_value=
ac_cv_env_CPP_set=
ac_cv_env_CPP_value=
ac_cv_env_LDFLAGS_set=
ac_cv_env_LDFLAGS_value=
ac_cv_env_LIBS_set=
ac_cv_env_LIBS_value=
ac_cv_env_build_alias_set=
ac_cv_env_build_alias_value=
ac_cv_env_host_alias_set=
ac_cv_env_host_alias_value=
ac_cv_env_target_alias_set=
ac_cv_env_target_alias_value=
ac_cv_func_gethostbyname=yes
ac_cv_func_inet_ntoa=yes
ac_cv_func_malloc_0_nonnull=yes
ac_cv_func_memset=yes
ac_cv_func_realloc_0_nonnull=yes
ac_cv_func_socket=yes
ac_cv_func_strchr=yes
ac_cv_func_strdup=yes
ac_cv_func_strndup=yes
ac_cv_func_strstr=yes
ac_cv_header_arpa_inet_h=yes
ac_cv_header_fcntl_h=yes
ac_cv_header_inttypes_h=yes
ac_cv_header_memory_h=yes
ac_cv_header_netdb_h=yes
ac_cv_header_netinet_in_h=yes
ac_cv_header_stdbool_h=yes
ac_cv_header_stdc=yes
ac_cv_header_stdint_h=yes
ac_cv_header_stdlib_h=yes
ac_cv_header_string_h=yes
ac_cv_header_strings_h=yes
ac_cv_header_sys_ioctl_h=yes
ac_cv_header_sys_socket_h=yes
ac_cv_header_sys_stat_h=yes
ac_cv_header_sys_types_h=yes
ac_cv_header_unistd_h=yes
ac_cv_objext=o
ac_cv_path_EGREP='/usr/bin/grep -E'
ac_cv_path_GREP=/usr/bin/grep
ac_cv_path_install='/usr/bin/install -c'
ac_cv_path_mkdir=/usr/bin/mkdir
ac_cv_prog_AWK=gawk
ac_cv_prog_CPP='gcc -E'
ac_cv_prog_ac_ct_CC=gcc
ac_cv_prog_cc_c89=
ac_cv_prog_cc_g=yes
ac_cv_prog_make_make_set=yes
ac_cv_type__Bool=yes
am_cv_CC_dependencies_compiler_type=gcc3
am_cv_make_support_nested_variables=yes

## ----------------- ##
## Output variables. ##
## ----------------- ##

ACLOCAL='${SHELL} /home/vagrant/wwwroot/mywget/missing aclocal-1.13'
AMDEPBACKSLASH='\'
AMDEP_FALSE='#'
AMDEP_TRUE=''
AMTAR='$${TAR-tar}'
AM_BACKSLASH='\'
AM_DEFAULT_V='$(AM_DEFAULT_VERBOSITY)'
AM_DEFAULT_VERBOSITY='1'
AM_V='$(V)'
AUTOCONF='${SHELL} /home/vagrant/wwwroot/mywget/missing autoconf'
AUTOHEADER='${SHELL} /home/vagrant/wwwroot/mywget/missing autoheader'
AUTOMAKE='${SHELL} /home/vagrant/wwwroot/mywget/missing automake-1.13'
AWK='gawk'
CC='gcc'
CCDEPMODE='depmode=gcc3'
CFLAGS='-g -O2'
CPP='gcc -E'
CPPFLAGS=''
CYGPATH_W='echo'
DEFS='-DHAVE_CONFIG_H'
DEPDIR='.deps'
ECHO_C=''
ECHO_N='-n'
ECHO_T=''
EGREP='/usr/bin/grep -E'
EXEEXT=''
GREP='/usr/bin/grep'
INSTALL_DATA='${INSTALL} -m 644'
INSTALL_PROGRAM='${INSTALL}'
INSTALL_SCRIPT='${INSTALL}'
INSTALL_STRIP_PROGRAM='$(install_sh) -c -s'
LDFLAGS=''
LIBOBJS=''
LIBS=''
LTLIBOBJS=''
MAKEINFO='${SHELL} /home/vagrant/wwwroot/mywget/missing makeinfo'
MKDIR_P='/usr/bin/mkdir -p'
OBJEXT='o'
PACKAGE='mywget'
PACKAGE_BUGREPORT='i@mengkang.net'
PACKAGE_NAME='mywget'
PACKAGE_STRING='mywget 0.0.1'
PACKAGE_TARNAME='mywget'
PACKAGE_URL=''
PACKAGE_VERSION='0.0.1'
PATH_SEPARATOR=':'
SET_MAKE=''
SHELL='/bin/sh'
STRIP=''
VERSION='0.0.1'
ac_ct_CC='gcc'
am__EXEEXT_FALSE=''
am__EXEEXT_TRUE='#'
am__fastdepCC_FALSE='#'
am__fastdepCC_TRUE=''
am__include='include'
am__isrc=''
am__leading_dot='.'
am__nodep='_no'
am__quote=''
am__tar='$${TAR-tar} chof - "$$tardir"'
am__untar='$${TAR-tar} xf -'
bindir='${exec_prefix}/bin'
build_alias=''
datadir='${datarootdir}'
datarootdir='${prefix}/share'
docdir='${datarootdir}/doc/${PACKAGE_TARNAME}'
dvidir='${docdir}'
exec_prefix='${prefix}'
host_alias=''
htmldir='${docdir}'
includedir='${prefix}/include'
infodir='${datarootdir}/info'
install_sh='${SHELL} /home/vagrant/wwwroot/mywget/install-sh'
libdir='${exec_prefix}/lib'
libexecdir='${exec_prefix}/libexec'
localedir='${datarootdir}/locale'
localstatedir='${prefix}/var'
mandir='${datarootdir}/man'
mkdir_p='$(MKDIR_P)'
oldincludedir='/usr/include'
pdfdir='${docdir}'
prefix='/usr/local'
program_transform_name='s,x,x,'
psdir='${docdir}'
sbindir='${exec_prefix}/sbin'
sharedstatedir='${prefix}/com'
sysconfdir='${prefix}/etc'
target_alias=''

## ----------- ##
## confdefs.h. ##
## ----------- ##

/* confdefs.h */
#define PACKAGE_NAME "mywget"
#define PACKAGE_TARNAME "mywget"
#define PACKAGE_VERSION "0.0.1"
#define PACKAGE_STRING "mywget 0.0.1"
#define PACKAGE_BUGREPORT "i@mengkang.net"
#define PACKAGE_URL ""
#define PACKAGE "mywget"
#define VERSION "0.0.1"
#define STDC_HEADERS 1
#define HAVE_SYS_TYPES_H 1
#define HAVE_SYS_STAT_H 1
#define HAVE_STDLIB_H 1
#define HAVE_STRING_H 1
#define HAVE_MEMORY_H 1
#define HAVE_STRINGS_H 1
#define HAVE_INTTYPES_H 1
#define HAVE_STDINT_H 1
#define HAVE_UNISTD_H 1
#define HAVE_ARPA_INET_H 1
#define HAVE_FCNTL_H 1
#define HAVE_NETDB_H 1
#define HAVE_NETINET_IN_H 1
#define HAVE_STDLIB_H 1
#define HAVE_STRING_H 1
#define HAVE_SYS_IOCTL_H 1
#define HAVE_SYS_SOCKET_H 1
#define HAVE_UNISTD_H 1
#define HAVE__BOOL 1
#define HAVE_STDLIB_H 1
#define HAVE_MALLOC 1
#define HAVE_STDLIB_H 1
#define HAVE_REALLOC 1
#define HAVE_GETHOSTBYNAME 1
#define HAVE_INET_NTOA 1
#define HAVE_MEMSET 1
#define HAVE_SOCKET 1
#define HAVE_STRCHR 1
#define HAVE_STRDUP 1
#define HAVE_STRNDUP 1
#define HAVE_STRSTR 1

configure: exit 0
